### ISSUE TITLE
[ROOT636_X/el10] testAllocMonitorPreloadX failed: core dumped

### ISSUE THREAD

**Issue by iarspider** [cms-sw/cmssw#48556]
Full log: [link](https://cmssdt.cern.ch/SDT/cgi-bin/logreader/el10_amd64_gcc14/CMSSW_15_1_ROOT636_X_2025-07-15-1100/unitTestLogs/PerfTools/AllocMonitor#/79)

```
===== Test "testAllocMonitorPreload" ====
timeout: the monitored command dumped core

---> test testAllocMonitorPreload had ERRORS
TestTime:1
^^^^ End Test testAllocMonitorPreload ^^^^
 
===== Test "testAllocMonitorPreloadJE" ====
timeout: the monitored command dumped core

---> test testAllocMonitorPreloadJE had ERRORS
TestTime:0
^^^^ End Test testAllocMonitorPreloadJE ^^^^
 
===== Test "testAllocMonitorPreloadTC" ====
timeout: the monitored command dumped core

---> test testAllocMonitorPreloadTC had ERRORS
TestTime:0
^^^^ End Test testAllocMonitorPreloadTC ^^^^
```

**Comment by iarspider** [comment]
assign from PerfTools/AllocMonitor

**Comment by smuzaffar** [comment]
under GDB I get 
```
Program received signal SIGSEGV, Segmentation fault.
0x00007ffff7bdeb82 in _mid_memalign.isra.0 () from /lib64/libc.so.6
(gdb) where
#0  0x00007ffff7bdeb82 in _mid_memalign.isra.0 () from /lib64/libc.so.6
#1  0x00007ffff7be03fa in posix_memalign () from /lib64/libc.so.6
#2  0x00007ffff7fbade2 in operator() (__closure=<synthetic pointer>) at src/PerfTools/AllocMonitorPreload/src/memory_proxies.cc:264
#3  cms::perftools::AllocMonitorRegistry::allocCalled<posix_memalign(void**, size_t, size_t)::<lambda()>, posix_memalign(void**, size_t, size_t)::<lambda(auto:13)> > (
    this=0x7ffff7fb70c0 <cms::perftools::AllocMonitorRegistry::instance()::s_registry>, iRequested=4, iAlloc=..., iGetActual=...) at src/PerfTools/AllocMonitor/interface/AllocMonitorRegistry.h:121
#4  posix_memalign (memptr=0x7fffffff16c8, alignment=512, size=4) at src/PerfTools/AllocMonitorPreload/src/memory_proxies.cc:261
#5  posix_memalign (memptr=0x7fffffff16c8, alignment=512, size=4) at src/PerfTools/AllocMonitorPreload/src/memory_proxies.cc:253
#6  0x00007ffff7dfe8ee in __gnu_cxx::aligned_alloc (al=<optimized out>, sz=4) at ../../../../libstdc++-v3/libsupc++/new_opa.cc:78
#7  operator new (sz=4, al=<optimized out>) at ../../../../libstdc++-v3/libsupc++/new_opa.cc:149
#8  0x00007ffff7fbb49f in operator() (__closure=<synthetic pointer>) at src/PerfTools/AllocMonitorPreload/src/memory_proxies.cc:358
#9  cms::perftools::AllocMonitorRegistry::allocCalled<operator new(std::size_t, std::align_val_t)::<lambda()>, operator new(std::size_t, std::align_val_t)::<lambda(auto:23)> > (
    this=0x7ffff7fb70c0 <cms::perftools::AllocMonitorRegistry::instance()::s_registry>, iRequested=4, iAlloc=..., iGetActual=...) at src/PerfTools/AllocMonitor/interface/AllocMonitorRegistry.h:121
#10 operator new (size=4, al=512) at src/PerfTools/AllocMonitorPreload/src/memory_proxies.cc:357
#11 0x000000000040269d in main () at src/PerfTools/AllocMonitor/test/test_proxies.cc:63

```

@Dr15Jones , can you please look in to this?

**Comment by Dr15Jones** [comment]
@smuzaffar how do I setup a el-10 work area? I tried

```
> cmssw-el10
Singularity> scram project CMSSW_15_1_ROOT636_X_2025-09-01-1100
```

but that failed because the singularity file system was configured to be read only.

**Comment by smuzaffar** [comment]
@Dr15Jones , where are your trying? It should work on lxplus and cmsdev machines e.g on cmsdev
```
[muzaffar@cmsdev40 del]$ cmssw-el10
Singularity> scram p  CMSSW_15_1_ROOT636_X_2025-09-01-1100
WARNING: Release CMSSW_15_1_ROOT636_X_2025-09-01-1100 is not available for architecture el10_amd64_gcc12
         Developer's area is created for available architecture el10_amd64_gcc14.
Development area is created without multi-microarchitectures support. Default micro-architecture will be used for build and runtime.
Singularity> cd CMSSW_15_1_ROOT636_X_2025-09-01-1100/
Singularity> cmsenv
```

**Comment by Dr15Jones** [comment]
I'm doing this on an FNAL machine.

**Comment by Dr15Jones** [comment]
I was able to make it work by doing
```
cmssw-el10 -p --bind=/uscms_data
```

It might be good to update the `cmssw-` commands to include the `--bind` and `-p` options in the help message.

**Comment by smuzaffar** [comment]
The `[extra-options]` in the help message was for direct singularity/apptainer options. I can update the help message to explain this with some example
```
> cmssw-el10 --help
Usage: /cvmfs/cms.cern.ch/common/cmssw-el10 [-h|--help] [apptainer-options] [--show-command] [--ignore-mount <dir1[,dir2[,...]]>] [--interactive] [--command-to-run|-- <command(s)>]
Environment variable UNPACKED_IMAGE can be set to point to either valid docker/singularity image or unpacked image path
If <command> includes multiple commands separated by ; or &&, or other high-precedence shell operators like >, it must be quoted
--ignore-mount /dir        To not explicitly mount /dir
--interactive              To start the shell in interactive mode
--command-to-run <command> To run <command> and exit.
apptainer-options   To pass extra option(s) to apptainer/singularity e.g -B|--bind=/path. Run 'apprainer exec --help' to see all the apptainer/singularity options.
```

**Comment by Dr15Jones** [comment]
So the test fails on most of the calls to ask for memory with some alignment request. I say 'some' but it appears that if one requests less than 25 bytes of aligned memory, the call to the libc routine will have a segmentation fault.

**Comment by Dr15Jones** [comment]
If I create the trivial program
```C++
#include <stdlib.h>

int main() {

  void* p;
  auto ret = posix_memalign(&p, 256, 24);
  free(p);
}
```

Compile in el10 doing `g++ test.cc` and then do 
```bash
LD_PRELOAD=libPerfToolsAllocMonitorPreload.so ./a.out
```

the program has a segmentation fault. If I change the `24` to a `25` it succeeds.

NOTE: in this test, the AllocMonitor system intercepts the message but immediately calls the original function without recording anything (since AllocMonitor system is never turned on in this case).

**Comment by Dr15Jones** [comment]
So using the debugger on the simple program with memory request of `24` (i.e. the one that fails. Then running the program without the preload, I see the following register values for the successful program

```
Breakpoint 1, 0x00007ffff7b443b8 in posix_memalign () from /lib64/libc.so.6
(gdb) info registers
rax            0x7fffffff0f10      140737488293648
rbx            0x7fffffff1048      140737488293960
rcx            0x403dd0            4210128
rdx            0x18                24
rsi            0x100               256
rdi            0x7fffffff0f10      140737488293648
rbp            0x7fffffff0f00      0x7fffffff0f00
rsp            0x7fffffff0f00      0x7fffffff0f00
r8             0x0                 0
r9             0x7ffff7fcf140      140737353937216
r10            0x0                 0
r11            0x7ffff7b443b0      140737349174192
r12            0x1                 1
r13            0x0                 0
r14            0x7ffff7ffd000      140737354125312
r15            0x403dd0            4210128
rip            0x7ffff7b443b8      0x7ffff7b443b8 <posix_memalign+8>
eflags         0x202               [ IF ]
cs             0x33                51
ss             0x2b                43
ds             0x0                 0
es             0x0                 0
fs             0x0                 0
gs             0x0                 0
fs_base        0x7ffff7a97740      140737348466496
gs_base        0x0                 0


Breakpoint 2, 0x00007ffff7b42994 in _mid_memalign.isra.0 () from /lib64/libc.so.6
(gdb) info registers
rax            0x0                 0
rbx            0x100               256
rcx            0x403dd0            4210128
rdx            0x0                 0
rsi            0x18                24
rdi            0x100               256
rbp            0x7fffffff0ed0      0x7fffffff0ed0
rsp            0x7fffffff0ed0      0x7fffffff0ed0
r8             0x0                 0
r9             0x7ffff7fcf140      140737353937216
r10            0x0                 0
r11            0x7ffff7b443b0      140737349174192
r12            0x7fffffff0f10      140737488293648
r13            0x18                24
r14            0x7ffff7ffd000      140737354125312
r15            0x403dd0            4210128
rip            0x7ffff7b42994      0x7ffff7b42994 <_mid_memalign.isra.0+4>
eflags         0x206               [ PF IF ]
cs             0x33                51
ss             0x2b                43
ds             0x0                 0
es             0x0                 0
fs             0x0                 0
gs             0x0                 0
fs_base        0x7ffff7a97740      140737348466496
gs_base        0x0                 0


end of successful call to _mid_memalign.isra.0
(gdb) info registers
rax            0x417300            4289280
rbx            0x100               256
rcx            0x4173f0            4289520
rdx            0x0                 0
rsi            0x417310            4289296
rdi            0x7ffff7c69ac0      140737350376128
rbp            0x7fffffff0f00      0x7fffffff0f00
rsp            0x7fffffff0ee0      0x7fffffff0ee0
r8             0xec10              60432
r9             0x4                 4
r10            0x13                19
r11            0x7ffff7b443b0      140737349174192
r12            0x7fffffff0f10      140737488293648
r13            0x18                24
r14            0x7ffff7ffd000      140737354125312
r15            0x403dd0            4210128
rip            0x7ffff7b443fa      0x7ffff7b443fa <posix_memalign+74>
eflags         0x206               [ PF IF ]
cs             0x33                51
ss             0x2b                43
ds             0x0                 0
es             0x0                 0
fs             0x0                 0
gs             0x0                 0
fs_base        0x7ffff7a97740      140737348466496
gs_base        0x0                 0
```

while running with LD_PRELOAD set gives
```
#0  posix_memalign (memptr=0x7fffffff0ed0, alignment=256, size=24) at src/PerfTools/AllocMonitorPreload/src/memory_proxies.cc:254
254	  CMS_SA_ALLOW static const auto original = get<decltype(&::posix_memalign)>("posix_memalign");
(gdb) info registers
rax            0x7fffffff0ed0      140737488293584
rbx            0x7fffffff1008      140737488293896
rcx            0x403dd0            4210128
rdx            0x18                24
rsi            0x100               256
rdi            0x7fffffff0ed0      140737488293584
rbp            0x7fffffff0ec0      0x7fffffff0ec0
rsp            0x7fffffff0e50      0x7fffffff0e50
r8             0x0                 0
r9             0x7ffff7fcf140      140737353937216
r10            0x7fffffff0ed0      140737488293584
r11            0x7ffff7fb8f12      140737353846546
r12            0x1                 1
r13            0x0                 0
r14            0x7ffff7ffd000      140737354125312
r15            0x403dd0            4210128
rip            0x7ffff7fb8f2c      0x7ffff7fb8f2c <posix_memalign(void**, size_t, size_t)+26>
eflags         0x206               [ PF IF ]
cs             0x33                51
ss             0x2b                43
ds             0x0                 0
es             0x0                 0
fs             0x0                 0
gs             0x0                 0
fs_base        0x7ffff79c6400      140737347609600
gs_base        0x0                 0


start of posix_memalign original
Breakpoint 1.1, 0x00007ffff7b383b8 in posix_memalign () from /lib64/libc.so.6
(gdb) info registers
rax            0x7fffffff0ed0      140737488293584
rbx            0x7fffffff1008      140737488293896
rcx            0x100               256
rdx            0x18                24
rsi            0x100               256
rdi            0x7fffffff0ed0      140737488293584
rbp            0x7fffffff0e40      0x7fffffff0e40
rsp            0x7fffffff0e40      0x7fffffff0e40
r8             0x7ffff7b383b0      140737349125040
r9             0x0                 0
r10            0x7ffff7fc2e90      140737353887376
r11            0x0                 0
r12            0x1                 1
r13            0x0                 0
r14            0x7ffff7ffd000      140737354125312
r15            0x403dd0            4210128
rip            0x7ffff7b383b8      0x7ffff7b383b8 <posix_memalign+8>
eflags         0x202               [ IF ]
cs             0x33                51
ss             0x2b                43
ds             0x0                 0
es             0x0                 0
fs             0x0                 0
gs             0x0                 0
fs_base        0x7ffff79c6400      140737347609600
gs_base        0x0                 0


begin
Breakpoint 1, 0x00007ffff7b36994 in _mid_memalign.isra.0 () from /lib64/libc.so.6
(gdb) info registers
rax            0x0                 0
rbx            0x100               256
rcx            0x100               256
rdx            0x0                 0
rsi            0x18                24
rdi            0x100               256
rbp            0x7fffffff0e10      0x7fffffff0e10
rsp            0x7fffffff0e10      0x7fffffff0e10
r8             0x7ffff7b383b0      140737349125040
r9             0x0                 0
r10            0x7ffff7fc2e90      140737353887376
r11            0x0                 0
r12            0x7fffffff0ed0      140737488293584
r13            0x18                24
r14            0x7ffff7ffd000      140737354125312
r15            0x403dd0            4210128
rip            0x7ffff7b36994      0x7ffff7b36994 <_mid_memalign.isra.0+4>
eflags         0x206               [ PF IF ]
cs             0x33                51
ss             0x2b                43
ds             0x0                 0
es             0x0                 0
fs             0x0                 0
gs             0x0                 0
fs_base        0x7ffff79c6400      140737347609600
gs_base        0x0                 0

Program received signal SIGSEGV, Segmentation fault.
0x00007ffff7b36b82 in _mid_memalign.isra.0 () from /lib64/libc.so.6
(gdb) info registers
rax            0x10200000000       1108101562368
rbx            0x100               256
rcx            0x431               1073
rdx            0x4312c0            4395712
rsi            0x10200000000       1108101562368
rdi            0x405010            4214800
rbp            0x7fffffff0e10      0x7fffffff0e10
rsp            0x7fffffff0de0      0x7fffffff0de0
r8             0xff                255
r9             0x0                 0
r10            0x7                 7
r11            0x405090            4214928
r12            0x18                24
r13            0x18                24
r14            0x7ffff7ffd000      140737354125312
r15            0x403dd0            4210128
rip            0x7ffff7b36b82      0x7ffff7b36b82 <_mid_memalign.isra.0+498>
eflags         0x10246             [ PF ZF IF RF ]
cs             0x33                51
ss             0x2b                43
ds             0x0                 0
es             0x0                 0
fs             0x0                 0
gs             0x0                 0
fs_base        0x7ffff79c6400      140737347609600
gs_base        0x0                 0

```

**Comment by Dr15Jones** [comment]
For the case where the code requests 25 bytes (the successful case)

Without LD_PRELOAD
```
Breakpoint 1, 0x00007ffff7b443b8 in posix_memalign () from /lib64/libc.so.6
(gdb) info registers
rax            0x7fffffff0f10      140737488293648
rbx            0x7fffffff1048      140737488293960
rcx            0x403dd0            4210128
rdx            0x19                25
rsi            0x100               256
rdi            0x7fffffff0f10      140737488293648
rbp            0x7fffffff0f00      0x7fffffff0f00
rsp            0x7fffffff0f00      0x7fffffff0f00
r8             0x0                 0
r9             0x7ffff7fcf140      140737353937216
r10            0x0                 0
r11            0x7ffff7b443b0      140737349174192
r12            0x1                 1
r13            0x0                 0
r14            0x7ffff7ffd000      140737354125312
r15            0x403dd0            4210128
rip            0x7ffff7b443b8      0x7ffff7b443b8 <posix_memalign+8>
eflags         0x202               [ IF ]
cs             0x33                51
ss             0x2b                43
ds             0x0                 0
es             0x0                 0
fs             0x0                 0
gs             0x0                 0
fs_base        0x7ffff7a97740      140737348466496
gs_base        0x0                 0

Breakpoint 2, 0x00007ffff7b42994 in _mid_memalign.isra.0 () from /lib64/libc.so.6
(gdb) info registers
rax            0x0                 0
rbx            0x100               256
rcx            0x403dd0            4210128
rdx            0x0                 0
rsi            0x19                25
rdi            0x100               256
rbp            0x7fffffff0ed0      0x7fffffff0ed0
rsp            0x7fffffff0ed0      0x7fffffff0ed0
r8             0x0                 0
r9             0x7ffff7fcf140      140737353937216
r10            0x0                 0
r11            0x7ffff7b443b0      140737349174192
r12            0x7fffffff0f10      140737488293648
r13            0x19                25
r14            0x7ffff7ffd000      140737354125312
r15            0x403dd0            4210128
rip            0x7ffff7b42994      0x7ffff7b42994 <_mid_memalign.isra.0+4>
eflags         0x206               [ PF IF ]
cs             0x33                51
ss             0x2b                43
ds             0x0                 0
es             0x0                 0
fs             0x0                 0
gs             0x0                 0
fs_base        0x7ffff7a97740      140737348466496
gs_base        0x0                 0

Run till exit from #0  0x00007ffff7b42994 in _mid_memalign.isra.0 () from /lib64/libc.so.6
0x00007ffff7b443fa in posix_memalign () from /lib64/libc.so.6
(gdb) info registers
rax            0x417300            4289280
rbx            0x100               256
rcx            0x417400            4289536
rdx            0x0                 0
rsi            0x417320            4289312
rdi            0x7ffff7c69ac0      140737350376128
rbp            0x7fffffff0f00      0x7fffffff0f00
rsp            0x7fffffff0ee0      0x7fffffff0ee0
r8             0xec00              60416
r9             0x4                 4
r10            0x14                20
r11            0x7ffff7b443b0      140737349174192
r12            0x7fffffff0f10      140737488293648
r13            0x19                25
r14            0x7ffff7ffd000      140737354125312
r15            0x403dd0            4210128
rip            0x7ffff7b443fa      0x7ffff7b443fa <posix_memalign+74>
eflags         0x206               [ PF IF ]
cs             0x33                51
ss             0x2b                43
ds             0x0                 0
es             0x0                 0
fs             0x0                 0
gs             0x0                 0
fs_base        0x7ffff7a97740      140737348466496
gs_base        0x0                 0
```

and with LD_PRELOAD
```
Breakpoint 1.2, posix_memalign (memptr=0x7fffffff0ed0, alignment=256, size=25) at src/PerfTools/AllocMonitorPreload/src/memory_proxies.cc:254
254	  CMS_SA_ALLOW static const auto original = get<decltype(&::posix_memalign)>("posix_memalign");
(gdb) info registers
rax            0x7fffffff0ed0      140737488293584
rbx            0x7fffffff1008      140737488293896
rcx            0x403dd0            4210128
rdx            0x19                25
rsi            0x100               256
rdi            0x7fffffff0ed0      140737488293584
rbp            0x7fffffff0ec0      0x7fffffff0ec0
rsp            0x7fffffff0e50      0x7fffffff0e50
r8             0x0                 0
r9             0x7ffff7fcf140      140737353937216
r10            0x7fffffff0ed0      140737488293584
r11            0x7ffff7fb8f12      140737353846546
r12            0x1                 1
r13            0x0                 0
r14            0x7ffff7ffd000      140737354125312
r15            0x403dd0            4210128
rip            0x7ffff7fb8f2c      0x7ffff7fb8f2c <posix_memalign(void**, size_t, size_t)+26>
eflags         0x206               [ PF IF ]
cs             0x33                51
ss             0x2b                43
ds             0x0                 0
es             0x0                 0
fs             0x0                 0
gs             0x0                 0
fs_base        0x7ffff79c6400      140737347609600
gs_base        0x0                 0

Breakpoint 1.1, 0x00007ffff7b383b8 in posix_memalign () from /lib64/libc.so.6
(gdb) where
#0  0x00007ffff7b383b8 in posix_memalign () from /lib64/libc.so.6
#1  0x00007ffff7fb8fa9 in posix_memalign (memptr=0x7fffffff0ed0, alignment=256, size=25) at src/PerfTools/AllocMonitorPreload/src/memory_proxies.cc:256
#2  0x000000000040115c in main () at test.cc:6
(gdb) info registers
rax            0x7fffffff0ed0      140737488293584
rbx            0x7fffffff1008      140737488293896
rcx            0x100               256
rdx            0x19                25
rsi            0x100               256
rdi            0x7fffffff0ed0      140737488293584
rbp            0x7fffffff0e40      0x7fffffff0e40
rsp            0x7fffffff0e40      0x7fffffff0e40
r8             0x7ffff7b383b0      140737349125040
r9             0x0                 0
r10            0x7ffff7fc2e90      140737353887376
r11            0x0                 0
r12            0x1                 1
r13            0x0                 0
r14            0x7ffff7ffd000      140737354125312
r15            0x403dd0            4210128
rip            0x7ffff7b383b8      0x7ffff7b383b8 <posix_memalign+8>
eflags         0x202               [ IF ]
cs             0x33                51
ss             0x2b                43
ds             0x0                 0
es             0x0                 0
fs             0x0                 0
gs             0x0                 0
fs_base        0x7ffff79c6400      140737347609600
gs_base        0x0                 0

Breakpoint 2, 0x00007ffff7b36994 in _mid_memalign.isra.0 () from /lib64/libc.so.6
(gdb) info registers
rax            0x0                 0
rbx            0x100               256
rcx            0x100               256
rdx            0x0                 0
rsi            0x19                25
rdi            0x100               256
rbp            0x7fffffff0e10      0x7fffffff0e10
rsp            0x7fffffff0e10      0x7fffffff0e10
r8             0x7ffff7b383b0      140737349125040
r9             0x0                 0
r10            0x7ffff7fc2e90      140737353887376
r11            0x0                 0
r12            0x7fffffff0ed0      140737488293584
r13            0x19                25
r14            0x7ffff7ffd000      140737354125312
r15            0x403dd0            4210128
rip            0x7ffff7b36994      0x7ffff7b36994 <_mid_memalign.isra.0+4>
eflags         0x206               [ PF IF ]
cs             0x33                51
ss             0x2b                43
ds             0x0                 0
es             0x0                 0
fs             0x0                 0
gs             0x0                 0
fs_base        0x7ffff79c6400      140737347609600
gs_base        0x0                 0

Run till exit from #0  0x00007ffff7b36994 in _mid_memalign.isra.0 () from /lib64/libc.so.6
0x00007ffff7b383fa in posix_memalign () from /lib64/libc.so.6
(gdb) info registers
rax            0x43fc00            4455424
rbx            0x100               256
rcx            0x43fd50            4455760
rdx            0x0                 0
rsi            0x43fc20            4455456
rdi            0x7ffff7c5dac0      140737350326976
rbp            0x7fffffff0e40      0x7fffffff0e40
rsp            0x7fffffff0e20      0x7fffffff0e20
r8             0x82b0              33456
r9             0x4                 4
r10            0x14                20
r11            0x405098            4214936
r12            0x7fffffff0ed0      140737488293584
r13            0x19                25
r14            0x7ffff7ffd000      140737354125312
r15            0x403dd0            4210128
rip            0x7ffff7b383fa      0x7ffff7b383fa <posix_memalign+74>
eflags         0x202               [ IF ]
cs             0x33                51
ss             0x2b                43
ds             0x0                 0
es             0x0                 0
fs             0x0                 0
gs             0x0                 0
fs_base        0x7ffff79c6400      140737347609600
gs_base        0x0                 0
```

**Comment by Dr15Jones** [comment]
The segmentation fault happens when the routine tries to dereference the value stored in the `%rax` register.

**Comment by Dr15Jones** [comment]
So when comparing the register values of the LD_PRELOAD jobs for the `24` and `25` bytes cases, the only differences in register values is the change of `24` to `25`. Therefore the problem doesn't appear to be with the arguments being passed but with some existing state being a problem.

**Comment by Dr15Jones** [comment]
The segmentation happens in this disassembled code

```
   0x00007ffff7b36b40 <+432>:	mov    %rax,%rsi
   0x00007ffff7b36b43 <+435>:	mov    (%rax),%rcx
   0x00007ffff7b36b46 <+438>:	mov    %rax,%rdx
   0x00007ffff7b36b49 <+441>:	shr    $0xc,%rsi
   0x00007ffff7b36b4d <+445>:	mov    %rsi,%rax
   0x00007ffff7b36b50 <+448>:	xor    %rcx,%rax
   0x00007ffff7b36b53 <+451>:	cmp    %rcx,%rsi
   0x00007ffff7b36b56 <+454>:	je     0x7ffff7b36a10 <_mid_memalign.isra.0+128>
   0x00007ffff7b36b5c <+460>:	test   %r8,%rax
   0x00007ffff7b36b5f <+463>:	jne    0x7ffff7b36b40 <_mid_memalign.isra.0+432>
   0x00007ffff7b36b61 <+465>:	mov    (%rdx),%rax
   0x00007ffff7b36b64 <+468>:	cmp    %rdx,%r11
   0x00007ffff7b36b67 <+471>:	je     0x7ffff7b36d12 <_mid_memalign.isra.0+898>
   0x00007ffff7b36b6d <+477>:	mov    %rdx,%rcx
   0x00007ffff7b36b70 <+480>:	shr    $0xc,%rcx
   0x00007ffff7b36b74 <+484>:	xor    %rcx,%rax
   0x00007ffff7b36b77 <+487>:	test   $0xf,%al
   0x00007ffff7b36b79 <+489>:	jne    0x7ffff7b36d25 <_mid_memalign.isra.0+917>
   0x00007ffff7b36b7f <+495>:	mov    %rax,%rsi
=> 0x00007ffff7b36b82 <+498>:	xor    (%rax),%rcx
```

There appears to be a loop from `+463` to `+432` which is doing operations on `$rax`.

That loop appears to be entered via
```
   0x00007ffff7b36b18 <+392>:	lea    0x10(%r9),%rax
   0x00007ffff7b36b1c <+396>:	lea    (%rdi,%rax,8),%r11
   0x00007ffff7b36b20 <+400>:	mov    (%rdi,%rax,8),%rax
   0x00007ffff7b36b24 <+404>:	test   %rax,%rax
   0x00007ffff7b36b27 <+407>:	je     0x7ffff7b36a10 <_mid_memalign.isra.0+128>
   0x00007ffff7b36b2d <+413>:	lea    -0x1(%rbx),%r8
   0x00007ffff7b36b31 <+417>:	mov    %r11,%rdx
   0x00007ffff7b36b34 <+420>:	jmp    0x7ffff7b36b5c <_mid_memalign.isra.0+460>
```
which is itself entered from the beginning of the function from here
```
Dump of assembler code for function _mid_memalign.isra.0:
   0x00007ffff7b36990 <+0>:	push   %rbp
   0x00007ffff7b36991 <+1>:	mov    %rsp,%rbp
   0x00007ffff7b36994 <+4>:	push   %r13
   0x00007ffff7b36996 <+6>:	push   %r12
   0x00007ffff7b36998 <+8>:	mov    %rsi,%r12
   0x00007ffff7b3699b <+11>:	push   %rbx
   0x00007ffff7b3699c <+12>:	sub    $0x18,%rsp
   0x00007ffff7b369a0 <+16>:	cmp    $0x10,%rdi
   0x00007ffff7b369a4 <+20>:	jbe    0x7ffff7b36b00 <_mid_memalign.isra.0+368>
   0x00007ffff7b369aa <+26>:	cmp    $0x1f,%rdi
   0x00007ffff7b369ae <+30>:	ja     0x7ffff7b36ac0 <_mid_memalign.isra.0+304>
   0x00007ffff7b369b4 <+36>:	mov    $0x20,%ebx
   0x00007ffff7b369b9 <+41>:	test   %r12,%r12
   0x00007ffff7b369bc <+44>:	js     0x7ffff7b36cb0 <_mid_memalign.isra.0+800>
   0x00007ffff7b369c2 <+50>:	lea    0x17(%r12),%rax
   0x00007ffff7b369c7 <+55>:	xor    %r9d,%r9d
   0x00007ffff7b369ca <+58>:	cmp    $0x1f,%rax
   0x00007ffff7b369ce <+62>:	jbe    0x7ffff7b369df <_mid_memalign.isra.0+79>
   0x00007ffff7b369d0 <+64>:	and    $0xfffffffffffffff0,%rax
   0x00007ffff7b369d4 <+68>:	sub    $0x11,%rax
   0x00007ffff7b369d8 <+72>:	shr    $0x4,%rax
   0x00007ffff7b369dc <+76>:	mov    %rax,%r9
   0x00007ffff7b369df <+79>:	cmp    0x126802(%rip),%r9        # 0x7ffff7c5d1e8 <mp_+104> [CDJ holds value of 64]
   0x00007ffff7b369e6 <+86>:	jae    0x7ffff7b36a10 <_mid_memalign.isra.0+128>
   0x00007ffff7b369e8 <+88>:	mov    0x1263a1(%rip),%rax        # 0x7ffff7c5cd90 [holds value of -104 when an int]
   0x00007ffff7b369ef <+95>:	mov    %fs:(%rax),%rdi
   0x00007ffff7b369f3 <+99>:	test   %rdi,%rdi
   0x00007ffff7b369f6 <+102>:	je     0x7ffff7b36a10 <_mid_memalign.isra.0+128>
   0x00007ffff7b369f8 <+104>:	movzwl (%rdi,%r9,2),%r10d
   0x00007ffff7b369fd <+109>:	test   %r10w,%r10w
   0x00007ffff7b36a01 <+113>:	jne    0x7ffff7b36b18 <_mid_memalign.isra.0+392>
```

where the starting value for `%rax` for the loop appears to come from here
```
 0x00007ffff7b369e8 <+88>:	mov    0x1263a1(%rip),%rax        # 0x7ffff7c5cd90
```
With the value for `%rdi` being a combination of `%fs` and the value stored in `%rax`.
```
 0x00007ffff7b369ef <+95>:	mov    %fs:(%rax),%rdi
```
Given that `%fs` is different for the cases with and without LD_PRELOAD, I'm guessing that is the origin of the problem (i.e. the offset isn't correct)

**Comment by dan131riley** [comment]
The `isra` in the function name apparently means that it has been cloned by interprocedural optimization (ipa):

-fipa-sra
Perform interprocedural scalar replacement of aggregates, removal of unused parameters and replacement of parameters passed by reference by parameters passed by value.

There's other things that ipa can fiddle with, including caller save register usage (-fipa-ra), but it's hard to see how those could be the cause when the code is entering via the public entry point.

**Comment by Dr15Jones** [comment]
So even if I do not intercept the calls to `posix_memalign` the program still seg faults since all the aligned allocation calls eventually call `posix_memalign` (and then `_mid_memalign`).

**Comment by Dr15Jones** [comment]
I _think_ that el10 is using glibc-2.39 and therefore I believe the failing code is here

https://elixir.bootlin.com/glibc/glibc-2.39/source/malloc/malloc.c#L3575

**Comment by dan131riley** [comment]
el9 is glibc-2.34.  The big obvious change from 2.34 to 2.39 is the USE_TCACHE section

https://elixir.bootlin.com/glibc/glibc-2.39/source/malloc/malloc.c#L3606

**Comment by Dr15Jones** [comment]
My present working theory is there is a problem when `_mid_memalign` tries to find the right 'bucket' in tcache for the corresponding memory size request. 

This is even more likely with this comment in the malloc.c code
```
/* When "x" is from chunksize().  */
# define [csize2tidx](https://elixir.bootlin.com/glibc/glibc-2.39/C/ident/csize2tidx)(x) (((x) - [MINSIZE](https://elixir.bootlin.com/glibc/glibc-2.39/C/ident/MINSIZE) + [MALLOC_ALIGNMENT](https://elixir.bootlin.com/glibc/glibc-2.39/C/ident/MALLOC_ALIGNMENT) - 1) / [MALLOC_ALIGNMENT](https://elixir.bootlin.com/glibc/glibc-2.39/C/ident/MALLOC_ALIGNMENT))
/* When "x" is a user-provided size.  */
# define [usize2tidx](https://elixir.bootlin.com/glibc/glibc-2.39/C/ident/usize2tidx)(x) [csize2tidx](https://elixir.bootlin.com/glibc/glibc-2.39/C/ident/csize2tidx) ([request2size](https://elixir.bootlin.com/glibc/glibc-2.39/C/ident/request2size) (x))

/* With rounding and alignment, the bins are...
   idx 0   bytes 0..24 (64-bit) or 0..12 (32-bit)
   idx 1   bytes 25..40 or 13..20
   idx 2   bytes 41..56 or 21..28
   etc.  */
```
since idx0 would exactly be where the problem happens.

**Comment by Dr15Jones** [comment]
Another indicator that the problem is in the tcache binning is the variable `mp_` mentioned in the assembly at line `+79` is defined here
https://elixir.bootlin.com/glibc/glibc-2.39/source/malloc/malloc.c#L1915

with the later member variables being used by tcache. The value obtained from reading `mp_+104` appears to be one part of the offset which goes to the wrong memory address which leads to the segmentation fault.

**Comment by Dr15Jones** [comment]
Stepping through the case without the LD_PRELOAD on the simple program, if I put a breakpoint at the assemble address which fails with the LD_PRELOAD case, that address is never reached by the successful program.

Stepping more deliberately through the routine I see a jump at the addresses:
```
0x00007ffff7b429ae in _mid_memalign.isra.0 () from /lib64/libc.so.6
(gdb) stepi
0x00007ffff7b42ac0 in _mid_memalign.isra.0 () from /lib64/libc.so.6

(gdb) stepi
0x00007ffff7b42ad8 in _mid_memalign.isra.0 () from /lib64/libc.so.6
(gdb) stepi
0x00007ffff7b42ce0 in _mid_memalign.isra.0 () from /lib64/libc.so.6

(gdb) stepi
0x00007ffff7b42ce3 in _mid_memalign.isra.0 () from /lib64/libc.so.6
(gdb) stepi
0x00007ffff7b429b9 in _mid_memalign.isra.0 () from /lib64/libc.so.6
```
then at
```
   0x00007ffff7b429e8 <+88>:	mov    0x1263a1(%rip),%rax        # 0x7ffff7c68d90
   0x00007ffff7b429ef <+95>:	mov    %fs:(%rax),%rdi
```
we have the values
```
rax            0xffffffffffffff98  -104
rbx            0x100               256
rcx            0x403dd0            4210128
rdx            0x0                 0
rsi            0x18                24
rdi            0x405010            4214800
rbp            0x7fffffff0ed0      0x7fffffff0ed0
rsp            0x7fffffff0ea0      0x7fffffff0ea0
r8             0x0                 0
r9             0x0                 0
r10            0x0                 0
r11            0x7ffff7b443b0      140737349174192
r12            0x18                24
r13            0x18                24
r14            0x7ffff7ffd000      140737354125312
r15            0x403dd0            4210128
rip            0x7ffff7b429f3      0x7ffff7b429f3 <_mid_memalign.isra.0+99>
eflags         0x287               [ CF PF SF IF ]
cs             0x33                51
ss             0x2b                43
ds             0x0                 0
es             0x0                 0
fs             0x0                 0
gs             0x0                 0
fs_base        0x7ffff7a97740      140737348466496
gs_base        0x0                 0
(gdb) print (int*)(0x7ffff7a97740-104)
$4 = (int *) 0x7ffff7a976d8
(gdb) print *(int*)(0x7ffff7a97740-104)
$5 = 4214800
```

followed by skips at
```
0x00007ffff7b42a17 in _mid_memalign.isra.0 () from /lib64/libc.so.6
(gdb) stepi
0x00007ffff7b42ba8 in _mid_memalign.isra.0 () from /lib64/libc.so.6

which goes to (gdb) stepi
0x00007ffff7b42bb8 in _mid_memalign.isra.0 () from /lib64/libc.so.6
which is
0x00007ffff7b42bb8 <+552>:	call   0x7ffff7b42290 <_int_memalign>

0x00007ffff7b42bd6 in _mid_memalign.isra.0 () from /lib64/libc.so.6
(gdb) stepi
0x00007ffff7b42ab2 in _mid_memalign.isra.0 () from /lib64/libc.so.6
which is then a return path
```

**Comment by dan131riley** [comment]
Without the preload, `tcache_init()` has not been called when `_mid_memalign()` is called, so `tcache` is null.  With the preload, `tcache_init()` gets called during library initialization with this stack trace:
```
#0  0x00007f9f35ce9eb4 in tcache_init.part () from /lib64/libc.so.6
#1  0x00007f9f35cea776 in malloc () from /lib64/libc.so.6
#2  0x00007f9f35e258aa in malloc (size=73728)
    at src/PerfTools/AllocMonitorPreload/src/memory_proxies.cc:199
#3  0x00007f9f35a80617 in (anonymous namespace)::pool::pool (
    this=0x7f9f35c332c0 <(anonymous namespace)::emergency_pool>)
    at ../../../../libstdc++-v3/libsupc++/eh_alloc.cc:235
#4  __static_initialization_and_destruction_0 ()
    at ../../../../libstdc++-v3/libsupc++/eh_alloc.cc:373
#5  _GLOBAL__sub_I_eh_alloc.cc(void) ()
    at ../../../../libstdc++-v3/libsupc++/eh_alloc.cc:456
#6  0x00007f9f35e3c4f7 in call_init (l=<optimized out>, argc=1,
    argv=0x7ffd7c7efce8, env=0x7ffd7c7efcf8) at dl-init.c:74
#7  call_init (l=<optimized out>, argc=1, argv=0x7ffd7c7efce8,
    env=0x7ffd7c7efcf8) at dl-init.c:26
#8  0x00007f9f35e3c5ed in _dl_init (main_map=0x7f9f35e6b2f0, argc=1,
    argv=0x7ffd7c7efce8, env=0x7ffd7c7efcf8) at dl-init.c:121
#9  0x00007f9f35e53de0 in _dl_start_user () from /lib64/ld-linux-x86-64.so.2
#10 0x0000000000000001 in ?? ()
#11 0x00007ffd7c7f1d5d in ?? ()
#12 0x0000000000000000 in ?? ()
```
(Note that the actual breakpoint to set is `tcache_init.part.0`, similar to `_mid_memalign.isra.0`)

**Comment by Dr15Jones** [comment]
For the LD_PRELOAD failing case when running the simple program I see the skips
```
0x00007ffff7b379ae in _mid_memalign.isra.0 () from /lib64/libc.so.6
(gdb) stepi
0x00007ffff7b37ac0 in _mid_memalign.isra.0 () from /lib64/libc.so.6

0x00007ffff7b37ad8 in _mid_memalign.isra.0 () from /lib64/libc.so.6
(gdb) stepi
0x00007ffff7b37ce0 in _mid_memalign.isra.0 () from /lib64/libc.so.6

(gdb) stepi
0x00007ffff7b37ce3 in _mid_memalign.isra.0 () from /lib64/libc.so.6
(gdb) stepi
0x00007ffff7b379b9 in _mid_memalign.isra.0 () from /lib64/libc.so.6
```

then at

```
   0x00007ffff7b379e8 <+88>:	mov    0x1263a1(%rip),%rax        # 0x7ffff7c5dd90
   0x00007ffff7b379ef <+95>:	mov    %fs:(%rax),%rdi
   0x00007ffff7b379f3 <+99>:	test   %rdi,%rdi

(gdb) info registers
rax            0xffffffffffffff98  -104
rbx            0x100               256
rcx            0x403dd0            4210128
rdx            0x0                 0
rsi            0x18                24
rdi            0x405010            4214800
rbp            0x7fffffff0e90      0x7fffffff0e90
rsp            0x7fffffff0e60      0x7fffffff0e60
r8             0x0                 0
r9             0x0                 0
r10            0x0                 0
r11            0x7ffff7b393b0      140737349129136
r12            0x18                24
r13            0x18                24
r14            0x7ffff7ffd000      140737354125312
r15            0x403dd0            4210128
rip            0x7ffff7b379f3      0x7ffff7b379f3 <_mid_memalign.isra.0+99>
eflags         0x287               [ CF PF SF IF ]
cs             0x33                51
ss             0x2b                43
ds             0x0                 0
es             0x0                 0
fs             0x0                 0
gs             0x0                 0
fs_base        0x7ffff79c7400      140737347613696
gs_base        0x0                 0
```

then skips at
```
0x00007ffff7b37a01 in _mid_memalign.isra.0 () from /lib64/libc.so.6
(gdb) stepi
0x00007ffff7b37b18 in _mid_memalign.isra.0 () from /lib64/libc.so.6
```
This is different from the successful case

where the registers are
```
(gdb) info registers
rax            0xffffffffffffff98  -104
rbx            0x100               256
rcx            0x403dd0            4210128
rdx            0x0                 0
rsi            0x18                24
rdi            0x405010            4214800
rbp            0x7fffffff0e90      0x7fffffff0e90
rsp            0x7fffffff0e60      0x7fffffff0e60
r8             0x0                 0
r9             0x0                 0
r10            0x7                 7
r11            0x7ffff7b393b0      140737349129136
r12            0x18                24
r13            0x18                24
r14            0x7ffff7ffd000      140737354125312
r15            0x403dd0            4210128
rip            0x7ffff7b37b18      0x7ffff7b37b18 <_mid_memalign.isra.0+392>
eflags         0x202               [ IF ]
cs             0x33                51
ss             0x2b                43
ds             0x0                 0
es             0x0                 0
fs             0x0                 0
gs             0x0                 0
fs_base        0x7ffff79c7400      140737347613696
gs_base        0x0                 0
```

and the testing was
```
   0x00007ffff7b379ef <+95>:	mov    %fs:(%rax),%rdi
   0x00007ffff7b379f3 <+99>:	test   %rdi,%rdi
   0x00007ffff7b379f6 <+102>:	je     0x7ffff7b37a10 <_mid_memalign.isra.0+128>
   0x00007ffff7b379f8 <+104>:	movzwl (%rdi,%r9,2),%r10d
   0x00007ffff7b379fd <+109>:	test   %r10w,%r10w
   0x00007ffff7b37a01 <+113>:	jne    0x7ffff7b37b18 <_mid_memalign.isra.0+392>
```

**Comment by Dr15Jones** [comment]
@dan131riley If I run my simple test program in gdb with and without LD_PRELOAD, both do call `tcache_init.part.0`

With LD_PRELOAD
```
#0  0x00007ffff7b36eb4 in tcache_init.part () from /lib64/libc.so.6
#1  0x00007ffff7b37776 in malloc () from /lib64/libc.so.6
#2  0x00007ffff7fb98aa in malloc (size=73728) at src/PerfTools/AllocMonitorPreload/src/memory_proxies.cc:199
#3  0x00007ffff7dff617 in (anonymous namespace)::pool::pool (this=0x7ffff7fb22c0 <(anonymous namespace)::emergency_pool>) at ../../../../libstdc++-v3/libsupc++/eh_alloc.cc:235
#4  __static_initialization_and_destruction_0 () at ../../../../libstdc++-v3/libsupc++/eh_alloc.cc:373
#5  _GLOBAL__sub_I_eh_alloc.cc(void) () at ../../../../libstdc++-v3/libsupc++/eh_alloc.cc:456
#6  0x00007ffff7fcf4f7 in call_init (l=<optimized out>, argc=1, argv=0x7fffffff1008, env=0x7fffffff1018) at dl-init.c:74
#7  call_init (l=<optimized out>, argc=1, argv=0x7fffffff1008, env=0x7fffffff1018) at dl-init.c:26
#8  0x00007ffff7fcf5ed in _dl_init (main_map=0x7ffff7ffe2f0, argc=1, argv=0x7fffffff1008, env=0x7fffffff1018) at dl-init.c:121
#9  0x00007ffff7fe6de0 in _dl_start_user () from /lib64/ld-linux-x86-64.so.2
#10 0x0000000000000001 in ?? ()
#11 0x00007fffffff18c9 in ?? ()
#12 0x0000000000000000 in ?? ()
```

without LD_PRELOAD
```
#0  0x00007ffff7b41eb4 in tcache_init.part () from /lib64/libc.so.6
#1  0x00007ffff7b42776 in malloc () from /lib64/libc.so.6
#2  0x00007ffff7e0a617 in (anonymous namespace)::pool::pool (this=0x7ffff7fbd2c0 <(anonymous namespace)::emergency_pool>) at ../../../../libstdc++-v3/libsupc++/eh_alloc.cc:235
#3  __static_initialization_and_destruction_0 () at ../../../../libstdc++-v3/libsupc++/eh_alloc.cc:373
#4  _GLOBAL__sub_I_eh_alloc.cc(void) () at ../../../../libstdc++-v3/libsupc++/eh_alloc.cc:456
#5  0x00007ffff7fcf4f7 in call_init (l=<optimized out>, argc=1, argv=0x7fffffff1048, env=0x7fffffff1058) at dl-init.c:74
#6  call_init (l=<optimized out>, argc=1, argv=0x7fffffff1048, env=0x7fffffff1058) at dl-init.c:26
#7  0x00007ffff7fcf5ed in _dl_init (main_map=0x7ffff7ffe2f0, argc=1, argv=0x7fffffff1048, env=0x7fffffff1058) at dl-init.c:121
#8  0x00007ffff7fe6de0 in _dl_start_user () from /lib64/ld-linux-x86-64.so.2
#9  0x0000000000000001 in ?? ()
#10 0x00007fffffff18f7 in ?? ()
#11 0x0000000000000000 in ?? ()

```

**Comment by dan131riley** [comment]
ah, I compiled the test program with gcc, not g++, so the C++ runtime doesn't get initialized at startup.  With g++ I see the same as you.

**Comment by Dr15Jones** [comment]
So If I stop on `_mid_memalign.isra.0+109` in both cases, I see that `r10` is different


NO LD_PRELOAD
```
(gdb) info registers
rax            0xffffffffffffff98  -104
rbx            0x100               256
rcx            0x403dd0            4210128
rdx            0x0                 0
rsi            0x18                24
rdi            0x405010            4214800
rbp            0x7fffffff0ed0      0x7fffffff0ed0
rsp            0x7fffffff0ea0      0x7fffffff0ea0
r8             0x0                 0
r9             0x0                 0
r10            0x0                 0
r11            0x7ffff7b443b0      140737349174192
r12            0x18                24
r13            0x18                24
r14            0x7ffff7ffd000      140737354125312
r15            0x403dd0            4210128
rip            0x7ffff7b429fd      0x7ffff7b429fd <_mid_memalign.isra.0+109>
eflags         0x202               [ IF ]
cs             0x33                51
ss             0x2b                43
ds             0x0                 0
es             0x0                 0
fs             0x0                 0
gs             0x0                 0
fs_base        0x7ffff7a97740      140737348466496
gs_base        0x0                 0
```

With LD_PRELOAD
```
(gdb) info registers
rax            0xffffffffffffff98  -104
rbx            0x100               256
rcx            0x403dd0            4210128
rdx            0x0                 0
rsi            0x18                24
rdi            0x405010            4214800
rbp            0x7fffffff0e90      0x7fffffff0e90
rsp            0x7fffffff0e60      0x7fffffff0e60
r8             0x0                 0
r9             0x0                 0
r10            0x7                 7
r11            0x7ffff7b393b0      140737349129136
r12            0x18                24
r13            0x18                24
r14            0x7ffff7ffd000      140737354125312
r15            0x403dd0            4210128
rip            0x7ffff7b379fd      0x7ffff7b379fd <_mid_memalign.isra.0+109>
eflags         0x202               [ IF ]
cs             0x33                51
ss             0x2b                43
ds             0x0                 0
es             0x0                 0
fs             0x0                 0
gs             0x0                 0
fs_base        0x7ffff79c7400      140737347613696
gs_base        0x0                 0
```

where the value in `r10` comes from 
```
   0x00007ffff7b379e8 <+88>:	mov    0x1263a1(%rip),%rax        # 0x7ffff7c5dd90
   0x00007ffff7b379ef <+95>:	mov    %fs:(%rax),%rdi
   0x00007ffff7b379f3 <+99>:	test   %rdi,%rdi
   0x00007ffff7b379f6 <+102>:	je     0x7ffff7b37a10 <_mid_memalign.isra.0+128>
   0x00007ffff7b379f8 <+104>:	movzwl (%rdi,%r9,2),%r10d
```

So if chatgpt is to be believed

**`movzwl (%rdi,%r9,2), %r10d`**
→ Loads a 16-bit unsigned value from memory at `rdi + r9*2`, zero-extends it to 32 bits, and stores it in `r10d`.

**Comment by Dr15Jones** [comment]
So I put a gdb watch point on the address `0x405010` which is what both jobs are reading from to make the difference in their jump conditions. Running the LD_PRELOAD I see an overwhelming number of changes to that address that happen before main is run, all coming from the `static std::regex` in `FWCore/Utilities`.  If I remove the dependency of `libFWCoreUtilities.so` onto PerfTools/AllocMonitor then the problem goes away. This is true for both the simple program and all the unit tests.

**Comment by dan131riley** [comment]
It still seems odd this leads to a crash.  Are all the writes to that location real memory allocations?  Will C++29 have constexpr regex?

**Comment by Dr15Jones** [comment]
> It still seems odd this leads to a crash. 

I agree, although the alloc monitoring code is trying to set itself up at library load time and it is then also being called excessively by FWCore/Utilities also at library load time.
 
> Are all the writes to that location real memory allocations?

Given the overwhelming number of calls to that address, the several dozen I looked at all were real allocations. I was not patient (or manic) enough to step until I saw the actually value being set (which was 7). However, I did disable the watch point on the memory address, then break at the start of `main` and then turn the watch point back on. This memory never changed before the segmentation fault occurred. Therefore it was something in the initialization phase.

> Will C++29 have constexpr regex?

Wouldn't that be nice :). I know there exists a 3rd party version which is constexpr.

**Comment by Dr15Jones** [comment]
So I hand `continued` in gdb on the `watch *(short*) 0x405010` for 3000 times and it still wasn't getting near the end. I then just held the space bar until it got further (probably held for several minutes). Most of the time the memory would fluctuate from 0 to as high as 2 back and forth. Then at the end it just increased

```
Old value = 0
New value = 1
0x00007ffff7b34466 in _int_free () from /lib64/libc.so.6
(gdb) 
Continuing.

Hardware watchpoint 1: *(short*)0x405010

Old value = 1
New value = 2
0x00007ffff7b34466 in _int_free () from /lib64/libc.so.6
(gdb) 
Continuing.

Hardware watchpoint 1: *(short*)0x405010

Old value = 2
New value = 3
0x00007ffff7b34466 in _int_free () from /lib64/libc.so.6
(gdb) 
Continuing.

Hardware watchpoint 1: *(short*)0x405010

Old value = 3
New value = 4
0x00007ffff7b34466 in _int_free () from /lib64/libc.so.6
(gdb) where
#0  0x00007ffff7b34466 in _int_free () from /lib64/libc.so.6
#1  0x00007ffff7b36dce in free () from /lib64/libc.so.6
#2  0x00007ffff7fb9231 in free (ptr=0x431230) at src/PerfTools/AllocMonitorPreload/src/memory_proxies.cc:290
#3  0x00007ffff7fb9440 in operator delete (ptr=0x431230) at src/PerfTools/AllocMonitorPreload/src/memory_proxies.cc:321
#4  0x00007ffff7fba252 in operator delete (ptr=0x431230, sz=20) at src/PerfTools/AllocMonitorPreload/src/memory_proxies.cc:453
#5  0x00007ffff7a46755 in __static_initialization_and_destruction_0() [clone .lto_priv.0] () from /cvmfs/cms-ib.cern.ch/sw/x86_64/week1/el10_amd64_gcc14/cms/cmssw/CMSSW_15_1_ROOT636_X_2025-09-01-1100/lib/el10_amd64_gcc14/libFWCoreUtilities.so
#6  0x00007ffff7a4722b in _sub_I_65535_0.0 () from /cvmfs/cms-ib.cern.ch/sw/x86_64/week1/el10_amd64_gcc14/cms/cmssw/CMSSW_15_1_ROOT636_X_2025-09-01-1100/lib/el10_amd64_gcc14/libFWCoreUtilities.so
#7  0x00007ffff7fcf4f7 in call_init (l=<optimized out>, argc=1, argv=0x7fffffff1028, env=0x7fffffff1038) at dl-init.c:74
#8  call_init (l=<optimized out>, argc=1, argv=0x7fffffff1028, env=0x7fffffff1038) at dl-init.c:26
#9  0x00007ffff7fcf5ed in _dl_init (main_map=0x7ffff7ffe2f0, argc=1, argv=0x7fffffff1028, env=0x7fffffff1038) at dl-init.c:121
#10 0x00007ffff7fe6de0 in _dl_start_user () from /lib64/ld-linux-x86-64.so.2
#11 0x0000000000000001 in ?? ()
#12 0x00007fffffff18de in ?? ()
#13 0x0000000000000000 in ?? ()
(gdb) cont
Continuing.

Hardware watchpoint 1: *(short*)0x405010

Old value = 4
New value = 5
0x00007ffff7b34466 in _int_free () from /lib64/libc.so.6
(gdb) where
#0  0x00007ffff7b34466 in _int_free () from /lib64/libc.so.6
#1  0x00007ffff7b36dce in free () from /lib64/libc.so.6
#2  0x00007ffff7fb9231 in free (ptr=0x431210) at src/PerfTools/AllocMonitorPreload/src/memory_proxies.cc:290
#3  0x00007ffff7fb9440 in operator delete (ptr=0x431210) at src/PerfTools/AllocMonitorPreload/src/memory_proxies.cc:321
#4  0x00007ffff7fba252 in operator delete (ptr=0x431210, sz=22) at src/PerfTools/AllocMonitorPreload/src/memory_proxies.cc:453
#5  0x00007ffff7a46755 in __static_initialization_and_destruction_0() [clone .lto_priv.0] () from /cvmfs/cms-ib.cern.ch/sw/x86_64/week1/el10_amd64_gcc14/cms/cmssw/CMSSW_15_1_ROOT636_X_2025-09-01-1100/lib/el10_amd64_gcc14/libFWCoreUtilities.so
#6  0x00007ffff7a4722b in _sub_I_65535_0.0 () from /cvmfs/cms-ib.cern.ch/sw/x86_64/week1/el10_amd64_gcc14/cms/cmssw/CMSSW_15_1_ROOT636_X_2025-09-01-1100/lib/el10_amd64_gcc14/libFWCoreUtilities.so
#7  0x00007ffff7fcf4f7 in call_init (l=<optimized out>, argc=1, argv=0x7fffffff1028, env=0x7fffffff1038) at dl-init.c:74
#8  call_init (l=<optimized out>, argc=1, argv=0x7fffffff1028, env=0x7fffffff1038) at dl-init.c:26
#9  0x00007ffff7fcf5ed in _dl_init (main_map=0x7ffff7ffe2f0, argc=1, argv=0x7fffffff1028, env=0x7fffffff1038) at dl-init.c:121
#10 0x00007ffff7fe6de0 in _dl_start_user () from /lib64/ld-linux-x86-64.so.2
#11 0x0000000000000001 in ?? ()
#12 0x00007fffffff18de in ?? ()
#13 0x0000000000000000 in ?? ()
(gdb) cont
Continuing.

Hardware watchpoint 1: *(short*)0x405010

Old value = 5
New value = 6
0x00007ffff7b34466 in _int_free () from /lib64/libc.so.6
(gdb) where
#0  0x00007ffff7b34466 in _int_free () from /lib64/libc.so.6
#1  0x00007ffff7b36dce in free () from /lib64/libc.so.6
#2  0x00007ffff7fb9231 in free (ptr=0x4311f0) at src/PerfTools/AllocMonitorPreload/src/memory_proxies.cc:290
#3  0x00007ffff7fb9440 in operator delete (ptr=0x4311f0) at src/PerfTools/AllocMonitorPreload/src/memory_proxies.cc:321
#4  0x00007ffff7fba252 in operator delete (ptr=0x4311f0, sz=17) at src/PerfTools/AllocMonitorPreload/src/memory_proxies.cc:453
#5  0x00007ffff7a46755 in __static_initialization_and_destruction_0() [clone .lto_priv.0] () from /cvmfs/cms-ib.cern.ch/sw/x86_64/week1/el10_amd64_gcc14/cms/cmssw/CMSSW_15_1_ROOT636_X_2025-09-01-1100/lib/el10_amd64_gcc14/libFWCoreUtilities.so
#6  0x00007ffff7a4722b in _sub_I_65535_0.0 () from /cvmfs/cms-ib.cern.ch/sw/x86_64/week1/el10_amd64_gcc14/cms/cmssw/CMSSW_15_1_ROOT636_X_2025-09-01-1100/lib/el10_amd64_gcc14/libFWCoreUtilities.so
#7  0x00007ffff7fcf4f7 in call_init (l=<optimized out>, argc=1, argv=0x7fffffff1028, env=0x7fffffff1038) at dl-init.c:74
#8  call_init (l=<optimized out>, argc=1, argv=0x7fffffff1028, env=0x7fffffff1038) at dl-init.c:26
#9  0x00007ffff7fcf5ed in _dl_init (main_map=0x7ffff7ffe2f0, argc=1, argv=0x7fffffff1028, env=0x7fffffff1038) at dl-init.c:121
#10 0x00007ffff7fe6de0 in _dl_start_user () from /lib64/ld-linux-x86-64.so.2
#11 0x0000000000000001 in ?? ()
#12 0x00007fffffff18de in ?? ()
#13 0x0000000000000000 in ?? ()
(gdb) cont
Continuing.

Hardware watchpoint 1: *(short*)0x405010

Old value = 6
New value = 7
0x00007ffff7b34466 in _int_free () from /lib64/libc.so.6
(gdb) where
#0  0x00007ffff7b34466 in _int_free () from /lib64/libc.so.6
#1  0x00007ffff7b36dce in free () from /lib64/libc.so.6
#2  0x00007ffff7fb9231 in free (ptr=0x4311d0) at src/PerfTools/AllocMonitorPreload/src/memory_proxies.cc:290
#3  0x00007ffff7fb9440 in operator delete (ptr=0x4311d0) at src/PerfTools/AllocMonitorPreload/src/memory_proxies.cc:321
#4  0x00007ffff7fba252 in operator delete (ptr=0x4311d0, sz=22) at src/PerfTools/AllocMonitorPreload/src/memory_proxies.cc:453
#5  0x00007ffff7a46755 in __static_initialization_and_destruction_0() [clone .lto_priv.0] () from /cvmfs/cms-ib.cern.ch/sw/x86_64/week1/el10_amd64_gcc14/cms/cmssw/CMSSW_15_1_ROOT636_X_2025-09-01-1100/lib/el10_amd64_gcc14/libFWCoreUtilities.so
#6  0x00007ffff7a4722b in _sub_I_65535_0.0 () from /cvmfs/cms-ib.cern.ch/sw/x86_64/week1/el10_amd64_gcc14/cms/cmssw/CMSSW_15_1_ROOT636_X_2025-09-01-1100/lib/el10_amd64_gcc14/libFWCoreUtilities.so
#7  0x00007ffff7fcf4f7 in call_init (l=<optimized out>, argc=1, argv=0x7fffffff1028, env=0x7fffffff1038) at dl-init.c:74
#8  call_init (l=<optimized out>, argc=1, argv=0x7fffffff1028, env=0x7fffffff1038) at dl-init.c:26
#9  0x00007ffff7fcf5ed in _dl_init (main_map=0x7ffff7ffe2f0, argc=1, argv=0x7fffffff1028, env=0x7fffffff1038) at dl-init.c:121
#10 0x00007ffff7fe6de0 in _dl_start_user () from /lib64/ld-linux-x86-64.so.2
#11 0x0000000000000001 in ?? ()
#12 0x00007fffffff18de in ?? ()
#13 0x0000000000000000 in ?? ()
```

as far as I could see, all the watch point stops happened within memory related function calls.

**Comment by Dr15Jones** [comment]
One last piece of information, if I do a watch point on the address when running without the LD_PRELOAD, I see only the following two changes to that memory address

```
Old value = <unreadable>
New value = 0
0x00007ffff7b41f17 in tcache_init.part () from /lib64/libc.so.6
(gdb) where
#0  0x00007ffff7b41f17 in tcache_init.part () from /lib64/libc.so.6
#1  0x00007ffff7b42776 in malloc () from /lib64/libc.so.6
#2  0x00007ffff7e0a617 in (anonymous namespace)::pool::pool (this=0x7ffff7fbd2c0 <(anonymous namespace)::emergency_pool>) at ../../../../libstdc++-v3/libsupc++/eh_alloc.cc:235
#3  __static_initialization_and_destruction_0 () at ../../../../libstdc++-v3/libsupc++/eh_alloc.cc:373
#4  _GLOBAL__sub_I_eh_alloc.cc(void) () at ../../../../libstdc++-v3/libsupc++/eh_alloc.cc:456
#5  0x00007ffff7fcf4f7 in call_init (l=<optimized out>, argc=1, argv=0x7fffffff1058, env=0x7fffffff1068) at dl-init.c:74
#6  call_init (l=<optimized out>, argc=1, argv=0x7fffffff1058, env=0x7fffffff1068) at dl-init.c:26
#7  0x00007ffff7fcf5ed in _dl_init (main_map=0x7ffff7ffe2f0, argc=1, argv=0x7fffffff1058, env=0x7fffffff1068) at dl-init.c:121
#8  0x00007ffff7fe6de0 in _dl_start_user () from /lib64/ld-linux-x86-64.so.2
#9  0x0000000000000001 in ?? ()
#10 0x00007fffffff190c in ?? ()
#11 0x0000000000000000 in ?? ()
(gdb) cont
Continuing.

Hardware watchpoint 1: *(short*)0x405010

Old value = 0
New value = 1
0x00007ffff7b40466 in _int_free () from /lib64/libc.so.6
(gdb) where
#0  0x00007ffff7b40466 in _int_free () from /lib64/libc.so.6
#1  0x00007ffff7b42dce in free () from /lib64/libc.so.6
#2  0x000000000040116b in main () at test.cc:7
```

**Comment by dan131riley** [comment]
Looking at the dependencies of FWCore/Utilities, I did a little experiment where I removed the dependency from PerfTools to FWCore/Utilities and added one on tbb (which FWCore/Utilities does depend on)--and the resulting a.out does crash.  There are only three writes to the problematic memory location prior to the call to posix_memalign() that crashes, all from tbb, tracebacks below.  I don't have a specific theory about how tbb initializing its memory allocator is causing an issue, but I feel better about it being the culprit as it does do some fairly tricky manipulations (as opposed to std::regex, which is just vanilla memory allocs that appear to be innocent bystanders).

```
(gdb) run
The program being debugged has been started already.
Start it from the beginning? (y or n) y
Starting program: /mnt/data1/dsr/tmp/CMSSW_15_1_ROOT636_X_2025-09-01-1100/src/a.out
Breakpoint 2, 0x00007ffff7e7ceb4 in tcache_init.part () from /lib64/libc.so.6
Hardware watchpoint 3: *(short*)0x405010

Old value = <unreadable>
New value = 0
0x00007ffff7e7cf17 in tcache_init.part () from /lib64/libc.so.6
(gdb)
Hardware watchpoint 3: *(short*)0x405010

Old value = 0
New value = 1
0x00007ffff7e7b466 in _int_free () from /lib64/libc.so.6
(gdb) bt
#0  0x00007ffff7e7b466 in _int_free () from /lib64/libc.so.6
#1  0x00007ffff7e7ddce in free () from /lib64/libc.so.6
#2  0x00007ffff7fb9231 in free (ptr=0x417b20)
    at src/PerfTools/AllocMonitorPreload/src/memory_proxies.cc:290
#3  0x00007ffff7fcee52 in free (ptr=0x417b20) at ../include/rtld-malloc.h:50
#4  _dl_find_object_update (new_map=new_map@entry=0x417350)
    at dl-find_object.c:806
#5  0x00007ffff7fd71e0 in dl_open_worker_begin (a=a@entry=0x7ffffffefed0)
    at dl-open.c:731
#6  0x00007ffff7fcb523 in __GI__dl_catch_exception (
    exception=exception@entry=0x7ffffffefd20,
    operate=operate@entry=0x7ffff7fd6d40 <dl_open_worker_begin>,
    args=args@entry=0x7ffffffefed0) at dl-catch.c:237
#7  0x00007ffff7fd6520 in dl_open_worker (a=a@entry=0x7ffffffefed0)
    at dl-open.c:778
#8  0x00007ffff7fcb523 in __GI__dl_catch_exception (
    exception=exception@entry=0x7ffffffefeb0,
    operate=operate@entry=0x7ffff7fd64e0 <dl_open_worker>,
    args=args@entry=0x7ffffffefed0) at dl-catch.c:237
#9  0x00007ffff7fd6981 in _dl_open (
    file=0x7fffffff01e0 "/cvmfs/cms-ib.cern.ch/sw/x86_64/week1/el10_amd64_gcc14/cms/cmssw/CMSSW_15_1_ROOT636_X_2025-09-01-1100/external/el10_amd64_gcc14/lib/libtbbmalloc.so.2", mode=<optimized out>,
    caller_dlopen=0x7ffff7aeb6fa <tbb::detail::r1::dynamic_load(char const*, tbb::detail::r1::dynamic_link_descriptor const*, unsigned long, bool)+218>,
    nsid=<optimized out>, argc=1, argv=0x7fffffff1498, env=0x7fffffff14a8)
    at dl-open.c:880
#10 0x00007ffff7e69054 in dlopen_doit () from /lib64/libc.so.6
#11 0x00007ffff7fcb523 in __GI__dl_catch_exception (
    exception=exception@entry=0x7fffffff00c0,
    operate=0x7ffff7e68ff0 <dlopen_doit>, args=0x7fffffff0180)
    at dl-catch.c:237
#12 0x00007ffff7fcb679 in _dl_catch_error (objname=0x7fffffff0128,
    errstring=0x7fffffff0130, mallocedp=0x7fffffff0127,
    operate=<optimized out>, args=<optimized out>) at dl-catch.c:256
#13 0x00007ffff7e68b43 in _dlerror_run () from /lib64/libc.so.6
#14 0x00007ffff7e6910f in dlopen@GLIBC_2.2.5 () from /lib64/libc.so.6
#15 0x00007ffff7aeb6fa in tbb::detail::r1::dynamic_load (
    library=library@entry=0x7ffff7b0c942 "libtbbmalloc.so.2",
    descriptors=descriptors@entry=0x7ffff7b173c0 <tbb::detail::r1::MallocLinkTable>, required=required@entry=4, local_binding=local_binding@entry=false)
    at /data/cmsbld/jenkins/workspace/build-any-ib/w/BUILD/el10_amd64_gcc14/external/tbb/v2022.0.0-61768e7578b712d79ca484514cbe26c7/external+tbb+v2022.0.0-61768e7578b712d79ca484514cbe26c7-1-build/tbb-v2022.0.0/src/tbb/dynamic_link.cpp:426
#16 0x00007ffff7aeb8d6 in tbb::detail::r1::dynamic_link (
    library=library@entry=0x7ffff7b0c942 "libtbbmalloc.so.2",
    descriptors=descriptors@entry=0x7ffff7b173c0 <tbb::detail::r1::MallocLinkTable>, required=required@entry=4, handle=handle@entry=0x0, flags=flags@entry=7)
    at /data/cmsbld/jenkins/workspace/build-any-ib/w/BUILD/el10_amd64_gcc14/external/tbb/v2022.0.0-61768e7578b712d79ca484514cbe26c7/external+tbb+v2022.0.0-61768e7578b712d79ca484514cbe26c7-1-build/tbb-v2022.0.0/src/tbb/dynamic_link.cpp:476
#17 0x00007ffff7aeb9c4 in tbb::detail::r1::initialize_handler_pointers ()
    at /data/cmsbld/jenkins/workspace/build-any-ib/w/BUILD/el10_amd64_gcc14/external/tbb/v2022.0.0-61768e7578b712d79ca484514cbe26c7/external+tbb+v2022.0.0-61768e7578b712d79ca484514cbe26c7-1-build/tbb-v2022.0.0/src/tbb/allocator.cpp:136
#18 0x00007ffff7e72297 in __pthread_once_slow.isra.0 () from /lib64/libc.so.6
#19 0x00007ffff7e72309 in pthread_once@GLIBC_2.2.5 () from /lib64/libc.so.6
#20 0x00007ffff7aec64c in __gthread_once (
    __once=0x7ffff7b2f370 <tbb::detail::r1::initialization_state>,
    __func=<optimized out>)
    at /data/cmsbld/jenkins/workspace/build-any-ib/w/el10_amd64_gcc14/external/gcc/14.3.1-724da22786638848892aa9ded8fcd995/include/c++/14.3.1/x86_64-vendor-linux/bits/gthr-default.h:713
#21 std::call_once<void (*)()> (__once=...,
    __f=@0x7fffffff1338: 0x7ffff7aeb9a0 <tbb::detail::r1::initialize_handler_pointers()>)
    at /data/cmsbld/jenkins/workspace/build-any-ib/w/el10_amd64_gcc14/external/gcc/14.3.1-724da22786638848892aa9ded8fcd995/include/c++/14.3.1/mutex:916
#22 tbb::detail::r1::initialize_cache_aligned_allocator ()
    at /data/cmsbld/jenkins/workspace/build-any-ib/w/BUILD/el10_amd64_gcc14/external/tbb/v2022.0.0-61768e7578b712d79ca484514cbe26c7/external+tbb+v2022.0.0-61768e7578b712d79ca484514cbe26c7-1-build/tbb-v2022.0.0/src/tbb/allocator.cpp:156
#23 0x00007ffff7aec6e2 in tbb::detail::r1::initialize_cache_aligned_allocate_handler (bytes=128, alignment=128)
    at /data/cmsbld/jenkins/workspace/build-any-ib/w/BUILD/el10_amd64_gcc14/external/tbb/v2022.0.0-61768e7578b712d79ca484514cbe26c7/external+tbb+v2022.0.0-61768e7578b712d79ca484514cbe26c7-1-build/tbb-v2022.0.0/src/tbb/allocator.cpp:176
#24 0x00007ffff7aefd32 in tbb::detail::r1::cache_aligned_allocate (size=128)
    at /data/cmsbld/jenkins/workspace/build-any-ib/w/BUILD/el10_amd64_gcc14/external/tbb/v2022.0.0-61768e7578b712d79ca484514cbe26c7/external+tbb+v2022.0.0-61768e7578b712d79ca484514cbe26c7-1-build/tbb-v2022.0.0/src/tbb/allocator.cpp:200
#25 0x00007ffff7afc353 in tbb::detail::r1::global_control_acquire ()
    at /data/cmsbld/jenkins/workspace/build-any-ib/w/BUILD/el10_amd64_gcc14/external/tbb/v2022.0.0-61768e7578b712d79ca484514cbe26c7/external+tbb+v2022.0.0-61768e7578b712d79ca484514cbe26c7-1-build/tbb-v2022.0.0/src/tbb/global_control.cpp:148
#26 tbb::detail::r1::governor::acquire_resources ()
    at /data/cmsbld/jenkins/workspace/build-any-ib/w/BUILD/el10_amd64_gcc14/external/tbb/v2022.0.0-61768e7578b712d79ca484514cbe26c7/external+tbb+v2022.0.0-61768e7578b712d79ca484514cbe26c7-1-build/tbb-v2022.0.0/src/tbb/governor.cpp:73
#27 tbb::detail::r1::__TBB_InitOnce::add_ref ()
    at /data/cmsbld/jenkins/workspace/build-any-ib/w/BUILD/el10_amd64_gcc14/external/tbb/v2022.0.0-61768e7578b712d79ca484514cbe26c7/external+tbb+v2022.0.0-61768e7578b712d79ca484514cbe26c7-1-build/tbb-v2022.0.0/src/tbb/main.cpp:81
#28 0x00007ffff7aea584 in _sub_I_65535_0.0 ()
   from /cvmfs/cms-ib.cern.ch/sw/x86_64/week1/el10_amd64_gcc14/cms/cmssw/CMSSW_15_1_ROOT636_X_2025-09-01-1100/external/el10_amd64_gcc14/lib/libtbb.so.12
#29 0x00007ffff7fcf4f7 in call_init (l=<optimized out>, argc=1,
    argv=0x7fffffff1498, env=0x7fffffff14a8) at dl-init.c:74
#30 call_init (l=<optimized out>, argc=1, argv=0x7fffffff1498,
    env=0x7fffffff14a8) at dl-init.c:26
#31 0x00007ffff7fcf5ed in _dl_init (main_map=0x7ffff7ffe2f0, argc=1,
    argv=0x7fffffff1498, env=0x7fffffff14a8) at dl-init.c:121
#32 0x00007ffff7fe6de0 in _dl_start_user () from /lib64/ld-linux-x86-64.so.2
#33 0x0000000000000001 in ?? ()
#34 0x00007fffffff1d7f in ?? ()
#35 0x0000000000000000 in ?? ()
(gdb) cont
Continuing.
Hardware watchpoint 3: *(short*)0x405010

Old value = 1
New value = 0
0x00007ffff7e7d7d5 in malloc () from /lib64/libc.so.6
(gdb) bt
#0  0x00007ffff7e7d7d5 in malloc () from /lib64/libc.so.6
#1  0x00007ffff7fb88aa in malloc (size=24)
    at src/PerfTools/AllocMonitorPreload/src/memory_proxies.cc:199
#2  0x00007ffff7e68b6c in _dlerror_run () from /lib64/libc.so.6
#3  0x00007ffff7e6910f in dlopen@GLIBC_2.2.5 () from /lib64/libc.so.6
#4  0x00007ffff7aeb88d in tbb::detail::r1::global_symbols_link (
    library=0x7ffff7b0cbcc "libtcm.so.1",
    descriptors=0x7ffff7b17620 <tbb::detail::r1::(anonymous namespace)::tcm_link_table>, required=11)
    at /data/cmsbld/jenkins/workspace/build-any-ib/w/BUILD/el10_amd64_gcc14/external/tbb/v2022.0.0-61768e7578b712d79ca484514cbe26c7/external+tbb+v2022.0.0-61768e7578b712d79ca484514cbe26c7-1-build/tbb-v2022.0.0/src/tbb/dynamic_link.cpp:392
#5  tbb::detail::r1::dynamic_link (library=0x7ffff7b0cbcc "libtcm.so.1",
    descriptors=0x7ffff7b17620 <tbb::detail::r1::(anonymous namespace)::tcm_link_table>, required=11, handle=0x0, flags=7)
    at /data/cmsbld/jenkins/workspace/build-any-ib/w/BUILD/el10_amd64_gcc14/external/tbb/v2022.0.0-61768e7578b712d79ca484514cbe26c7/external+tbb+v2022.0.0-61768e7578b712d79ca484514cbe26c7-1-build/tbb-v2022.0.0/src/tbb/dynamic_link.cpp:468
#6  0x00007ffff7afc4d0 in tbb::detail::r1::tcm_adaptor::initialize ()
    at /data/cmsbld/jenkins/workspace/build-any-ib/w/BUILD/el10_amd64_gcc14/external/tbb/v2022.0.0-61768e7578b712d79ca484514cbe26c7/external+tbb+v2022.0.0-61768e7578b712d79ca484514cbe26c7-1-build/tbb-v2022.0.0/src/tbb/tcm_adaptor.cpp:245
#7  tbb::detail::r1::__TBB_InitOnce::add_ref ()
    at /data/cmsbld/jenkins/workspace/build-any-ib/w/BUILD/el10_amd64_gcc14/external/tbb/v2022.0.0-61768e7578b712d79ca484514cbe26c7/external+tbb+v2022.0.0-61768e7578b712d79ca484514cbe26c7-1-build/tbb-v2022.0.0/src/tbb/main.cpp:82
#8  0x00007ffff7aea584 in _sub_I_65535_0.0 ()
   from /cvmfs/cms-ib.cern.ch/sw/x86_64/week1/el10_amd64_gcc14/cms/cmssw/CMSSW_15_1_ROOT636_X_2025-09-01-1100/external/el10_amd64_gcc14/lib/libtbb.so.12
#9  0x00007ffff7fcf4f7 in call_init (l=<optimized out>, argc=1,
    argv=0x7fffffff1498, env=0x7fffffff14a8) at dl-init.c:74
#10 call_init (l=<optimized out>, argc=1, argv=0x7fffffff1498,
    env=0x7fffffff14a8) at dl-init.c:26
#11 0x00007ffff7fcf5ed in _dl_init (main_map=0x7ffff7ffe2f0, argc=1,
    argv=0x7fffffff1498, env=0x7fffffff14a8) at dl-init.c:121
#12 0x00007ffff7fe6de0 in _dl_start_user () from /lib64/ld-linux-x86-64.so.2
#13 0x0000000000000001 in ?? ()
#14 0x00007fffffff1d7f in ?? ()
#15 0x0000000000000000 in ?? ()
(gdb) cont
Hardware watchpoint 3: *(short*)0x405010

Old value = 0
New value = 1
0x00007ffff7e7b466 in _int_free () from /lib64/libc.so.6
(gdb) bt
#0  0x00007ffff7e7b466 in _int_free () from /lib64/libc.so.6
#1  0x00007ffff7e7ddce in free () from /lib64/libc.so.6
#2  0x00007ffff7fb9231 in free (ptr=0x417b20)
    at src/PerfTools/AllocMonitorPreload/src/memory_proxies.cc:290
#3  0x00007ffff7e68c61 in _dlerror_run () from /lib64/libc.so.6
#4  0x00007ffff7e691f4 in dlsym@GLIBC_2.2.5 () from /lib64/libc.so.6
#5  0x00007ffff7fbaa9e in (anonymous namespace)::get<void* (*)(void*, long unsigned int) noexcept>(const char *) (iName=0x7ffff7fbc6c3 "realloc")
    at src/PerfTools/AllocMonitorPreload/src/memory_proxies.cc:38
#6  0x00007ffff7fb8b96 in realloc (ptr=0x418c20, size=203)
    at src/PerfTools/AllocMonitorPreload/src/memory_proxies.cc:219
#7  0x00007ffff7e6143f in __vasprintf_internal () from /lib64/libc.so.6
#8  0x00007ffff7e30a94 in asprintf () from /lib64/libc.so.6
#9  0x00007ffff7e6896e in dlerror@GLIBC_2.2.5 () from /lib64/libc.so.6
#10 0x00007ffff7aeb785 in tbb::detail::r1::dynamic_load (
    library=library@entry=0x7ffff7b0cbcc "libtcm.so.1",
    descriptors=descriptors@entry=0x7ffff7b17620 <tbb::detail::r1::(anonymous namespace)::tcm_link_table>, required=required@entry=11,
    local_binding=local_binding@entry=false)
    at /data/cmsbld/jenkins/workspace/build-any-ib/w/BUILD/el10_amd64_gcc14/external/tbb/v2022.0.0-61768e7578b712d79ca484514cbe26c7/external+tbb+v2022.0.0-61768e7578b712d79ca484514cbe26c7-1-build/tbb-v2022.0.0/src/tbb/dynamic_link.cpp:454
#11 0x00007ffff7aeb8d6 in tbb::detail::r1::dynamic_link (
    library=0x7ffff7b0cbcc "libtcm.so.1",
    descriptors=0x7ffff7b17620 <tbb::detail::r1::(anonymous namespace)::tcm_link_table>, required=11, handle=0x0, flags=7)
    at /data/cmsbld/jenkins/workspace/build-any-ib/w/BUILD/el10_amd64_gcc14/external/tbb/v2022.0.0-61768e7578b712d79ca484514cbe26c7/external+tbb+v2022.0.0-61768e7578b712d79ca484514cbe26c7-1-build/tbb-v2022.0.0/src/tbb/dynamic_link.cpp:476
#12 0x00007ffff7afc4d0 in tbb::detail::r1::tcm_adaptor::initialize ()
    at /data/cmsbld/jenkins/workspace/build-any-ib/w/BUILD/el10_amd64_gcc14/external/tbb/v2022.0.0-61768e7578b712d79ca484514cbe26c7/external+tbb+v2022.0.0-61768e7578b712d79ca484514cbe26c7-1-build/tbb-v2022.0.0/src/tbb/tcm_adaptor.cpp:245
#13 tbb::detail::r1::__TBB_InitOnce::add_ref ()
    at /data/cmsbld/jenkins/workspace/build-any-ib/w/BUILD/el10_amd64_gcc14/external/tbb/v2022.0.0-61768e7578b712d79ca484514cbe26c7/external+tbb+v2022.0.0-61768e7578b712d79ca484514cbe26c7-1-build/tbb-v2022.0.0/src/tbb/main.cpp:82
#14 0x00007ffff7aea584 in _sub_I_65535_0.0 ()
   from /cvmfs/cms-ib.cern.ch/sw/x86_64/week1/el10_amd64_gcc14/cms/cmssw/CMSSW_15_1_ROOT636_X_2025-09-01-1100/external/el10_amd64_gcc14/lib/libtbb.so.12
#15 0x00007ffff7fcf4f7 in call_init (l=<optimized out>, argc=1,
    argv=0x7fffffff1498, env=0x7fffffff14a8) at dl-init.c:74
#16 call_init (l=<optimized out>, argc=1, argv=0x7fffffff1498,
    env=0x7fffffff14a8) at dl-init.c:26
#17 0x00007ffff7fcf5ed in _dl_init (main_map=0x7ffff7ffe2f0, argc=1,
    argv=0x7fffffff1498, env=0x7fffffff14a8) at dl-init.c:121
#18 0x00007ffff7fe6de0 in _dl_start_user () from /lib64/ld-linux-x86-64.so.2
#19 0x0000000000000001 in ?? ()
#20 0x00007fffffff1d7f in ?? ()
#21 0x0000000000000000 in ?? ()
(gdb) cont
Continuing.

Breakpoint 1, 0x00007ffff7e7d994 in _mid_memalign.isra.0 ()
   from /lib64/libc.so.6
(gdb) bt
#0  0x00007ffff7e7d994 in _mid_memalign.isra.0 () from /lib64/libc.so.6
#1  0x00007ffff7e7f3fa in posix_memalign () from /lib64/libc.so.6
#2  0x00007ffff7fb8fa9 in posix_memalign (memptr=0x7fffffff1360,
    alignment=256, size=24)
    at src/PerfTools/AllocMonitorPreload/src/memory_proxies.cc:256
#3  0x0000000000401154 in main ()
(gdb) cont
Continuing.

Program received signal SIGSEGV, Segmentation fault.
0x00007ffff7e7db82 in _mid_memalign.isra.0 () from /lib64/libc.so.6
```
